#
# A fatal error has been detected by the Java Runtime Environment:
#
#  EXCEPTION_ACCESS_VIOLATION (0xc0000005) at pc=0x00000000770a9ece, pid=4324, tid=5048
#
# JRE version: 6.0_17-b04
# Java VM: Java HotSpot(TM) 64-Bit Server VM (14.3-b01 mixed mode windows-amd64 )
# Problematic frame:
# C  [ntdll.dll+0x49ece]
#
# If you would like to submit a bug report, please visit:
#   http://java.sun.com/webapps/bugreport/crash.jsp
# The crash happened outside the Java Virtual Machine in native code.
# See problematic frame for where to report the bug.
#

---------------  T H R E A D  ---------------

Current thread (0x000000005d3fc000):  JavaThread "FileDecorationCache request queue" [_thread_in_native, id=5048, stack(0x00000000080c0000,0x0000000008140000)]

siginfo: ExceptionCode=0xc0000005, reading address 0xfffffffffffffff8

Registers:
EAX=0x0000000000000000, EBX=0x00000000051e0000, ECX=0x0000000000002fb3, EDX=0x0000000000000000
ESP=0x000000000813e7f0, EBP=0x0000000000000000, ESI=0x0000000000000000, EDI=0x00000000685b1f60
EIP=0x00000000770a9ece, EFLAGS=0x0000000000010206

Top of Stack: (sp=0x000000000813e7f0)
0x000000000813e7f0:   000000005df742f0 00000000000003ff
0x000000000813e800:   0000000000000000 0000000040e58207
0x000000000813e810:   00000000000003ff 000200008207e830
0x000000000813e820:   000000015d3fc001 0097000277175401
0x000000000813e830:   0000000000000000 00000000000033e6
0x000000000813e840:   00000000684a53b0 0000000000000000
0x000000000813e850:   000000000813e8d0 000000005df742f0
0x000000000813e860:   000000005e188f20 000200003de64300
0x000000000813e870:   0000000000000000 000000000000b9e8
0x000000000813e880:   000000170000004a 000000000000003d
0x000000000813e890:   00000000000033e6 0000000000000000
0x000000000813e8a0:   0000000000000080 00000000051e12f0
0x000000000813e8b0:   00000000051e12f0 00000000685b1f60
0x000000000813e8c0:   0000000000000000 0000000000000010
0x000000000813e8d0:   000000000813e938 0000000029395969
0x000000000813e8e0:   0000000140e5b900 0000000000000027 

Instructions: (pc=0x00000000770a9ece)
0x00000000770a9ebe:   d2 0f 84 0b 99 00 00 45 85 c9 0f 84 e9 5b 01 00
0x00000000770a9ece:   8b 42 f8 89 84 24 70 03 00 00 44 8b 4b 7c 41 85 


Stack: [0x00000000080c0000,0x0000000008140000],  sp=0x000000000813e7f0,  free space=505k
Native frames: (J=compiled Java code, j=interpreted, Vv=VM code, C=native code)
C  [ntdll.dll+0x49ece]

[error occurred during error reporting (printing native stack), id 0xc0000005]

Java frames: (J=compiled Java code, j=interpreted, Vv=VM code)
j  com.mathworks.widgets.text.mcode.MLint.nativeParse(Ljava/lang/String;)Lcom/mathworks/widgets/text/mcode/MTree;+0
j  com.mathworks.widgets.text.mcode.MLint.parse(Ljava/lang/String;)Lcom/mathworks/widgets/text/mcode/MTree;+25
j  com.mathworks.widgets.text.mcode.MTree.parse(Ljava/lang/String;)Lcom/mathworks/widgets/text/mcode/MTree;+7
j  com.mathworks.mlwidgets.explorer.extensions.matlab.MFileTypeFinder.findMFileType(Lcom/mathworks/matlab/api/explorer/FileSystemEntry;)Lcom/mathworks/mlwidgets/explorer/extensions/matlab/MFileType;+4
j  com.mathworks.mlwidgets.explorer.extensions.matlab.MFileInfoProvider$1.run(Lcom/mathworks/util/ParameterRunnable;Ljava/lang/Runnable;)V+5
j  com.mathworks.mlwidgets.explorer.model.FileDecorationModel$DeferHandler.run()V+50
j  com.mathworks.mlwidgets.explorer.model.FileDecorationModel$2.get(Lcom/mathworks/matlab/api/explorer/FileDecoration;ZLcom/mathworks/util/ParameterRunnable;)V+392
j  com.mathworks.mlwidgets.explorer.model.FileDecorationModel$1$2.run(Lcom/mathworks/util/ParameterRunnable;Ljava/lang/Runnable;)V+25
j  com.mathworks.mlwidgets.explorer.model.FileDecorationModel$3$1.run()V+15
j  com.mathworks.util.RequestQueue.execute()V+65
j  com.mathworks.util.RequestQueue.access$000(Lcom/mathworks/util/RequestQueue;)V+1
j  com.mathworks.util.RequestQueue$2.run()V+4
j  java.lang.Thread.run()V+11
v  ~StubRoutines::call_stub

---------------  P R O C E S S  ---------------

Java Threads: ( => current thread )
=>0x000000005d3fc000 JavaThread "FileDecorationCache request queue" [_thread_in_native, id=5048, stack(0x00000000080c0000,0x0000000008140000)]
  0x000000005d3fa800 JavaThread "Timer-22" [_thread_blocked, id=4928, stack(0x00000000083f0000,0x0000000008470000)]
  0x000000005d405000 JavaThread "Inactive RequestProcessor thread [Was:TimedSoftReference/org.openide.util.TimedSoftReference]" daemon [_thread_blocked, id=4408, stack(0x0000000007f40000,0x0000000007fc0000)]
  0x000000005d3f9000 JavaThread "Image Fetcher 0" daemon [_thread_blocked, id=4892, stack(0x0000000007e50000,0x0000000007ed0000)]
  0x000000005d402800 JavaThread "Code Analyzer updating thread" [_thread_blocked, id=3796, stack(0x0000000063ac0000,0x0000000063b40000)]
  0x000000005d401800 JavaThread "Code Analyzer updating thread" [_thread_blocked, id=5660, stack(0x0000000063a40000,0x0000000063ac0000)]
  0x000000005d401000 JavaThread "Code Analyzer updating thread" [_thread_blocked, id=2408, stack(0x0000000060150000,0x00000000601d0000)]
  0x000000005d400000 JavaThread "Code Analyzer updating thread" [_thread_blocked, id=1608, stack(0x00000000638d0000,0x0000000063950000)]
  0x000000005d3ff800 JavaThread "Code Analyzer updating thread" [_thread_blocked, id=5020, stack(0x0000000063740000,0x00000000637c0000)]
  0x000000005d3fe800 JavaThread "Code Analyzer updating thread" [_thread_blocked, id=6136, stack(0x00000000601e0000,0x0000000060260000)]
  0x000000005d3fe000 JavaThread "Active Reference Queue Daemon" daemon [_thread_blocked, id=3120, stack(0x0000000050640000,0x00000000506c0000)]
  0x000000005d3fc800 JavaThread "Timer-8" daemon [_thread_blocked, id=3268, stack(0x0000000060090000,0x0000000060110000)]
  0x000000005d3fd000 JavaThread "Timer-7" daemon [_thread_blocked, id=4756, stack(0x000000005ff40000,0x000000005ffc0000)]
  0x000000005d3fb000 JavaThread "Explorer NavigationContext request queue" [_thread_blocked, id=1668, stack(0x000000005fe20000,0x000000005fea0000)]
  0x000000005d3f9800 JavaThread "AddressBar directory emptiness poller" [_thread_blocked, id=1084, stack(0x000000005fd50000,0x000000005fdd0000)]
  0x000000005d3f8000 JavaThread "Timer-1" [_thread_blocked, id=1712, stack(0x000000005fcc0000,0x000000005fd40000)]
  0x000000005d3f6800 JavaThread "TimerQueue" daemon [_thread_blocked, id=5440, stack(0x000000005da60000,0x000000005dae0000)]
  0x000000005d3f6000 JavaThread "FelixPackageAdmin" daemon [_thread_blocked, id=6076, stack(0x000000005d870000,0x000000005d8f0000)]
  0x000000005d1fc800 JavaThread "FelixStartLevel" daemon [_thread_blocked, id=5228, stack(0x000000004c4e0000,0x000000004c560000)]
  0x000000005d2c6000 JavaThread "FelixDispatchQueue" daemon [_thread_blocked, id=2536, stack(0x0000000058750000,0x00000000587d0000)]
  0x000000005d0cd000 JavaThread "AWT-EventQueue-0" [_thread_blocked, id=844, stack(0x0000000019040000,0x00000000190c0000)]
  0x000000005ce8d000 JavaThread "com.google.common.base.internal.Finalizer" daemon [_thread_blocked, id=3908, stack(0x0000000010ea0000,0x0000000010f20000)]
  0x000000005ceaa000 JavaThread "AWT-Windows" daemon [_thread_in_native, id=5872, stack(0x000000000fe40000,0x000000000fec0000)]
  0x000000005cea9000 JavaThread "AWT-Shutdown" [_thread_blocked, id=2700, stack(0x000000000fd50000,0x000000000fdd0000)]
  0x000000005cd21800 JavaThread "Java2D Disposer" daemon [_thread_blocked, id=2476, stack(0x000000000d5c0000,0x000000000d640000)]
  0x000000000fb9f000 JavaThread "Timer-0" [_thread_blocked, id=1864, stack(0x000000000ec40000,0x000000000ecc0000)]
  0x000000000fb67000 JavaThread "EventMgr Dispatcher" daemon [_thread_in_native, id=6068, stack(0x0000000010f30000,0x0000000014f30000)]
  0x000000000e93f800 JavaThread "Low Memory Detector" daemon [_thread_blocked, id=4720, stack(0x000000000ecd0000,0x000000000ed50000)]
  0x000000000e93e000 JavaThread "CompilerThread1" daemon [_thread_blocked, id=3620, stack(0x0000000063d80000,0x0000000067d80000)]
  0x000000000e92d000 JavaThread "CompilerThread0" daemon [_thread_blocked, id=5376, stack(0x0000000058890000,0x000000005c890000)]
  0x000000000e92b800 JavaThread "Attach Listener" daemon [_thread_blocked, id=4736, stack(0x000000000ed50000,0x000000000edd0000)]
  0x000000000e8db000 JavaThread "Finalizer" daemon [_thread_blocked, id=5616, stack(0x000000000eb80000,0x000000000ec00000)]
  0x00000000053ab000 JavaThread "Reference Handler" daemon [_thread_blocked, id=5748, stack(0x000000000ea50000,0x000000000ead0000)]
  0x00000000052ae800 JavaThread "main" [_thread_in_native, id=5920, stack(0x0000000000110000,0x0000000004110000)]

Other Threads:
  0x000000000e8d2000 VMThread [stack: 0x00000000546d0000,0x00000000586d0000] [id=4960]
  0x000000000e96b800 WatcherThread [stack: 0x0000000080000000,0x0000000084000000] [id=1920]

VM state:not at safepoint (normal execution)

VM Mutex/Monitor currently owned by a thread: None

Heap
 PSYoungGen      total 51904K, used 18705K [0x0000000040390000, 0x0000000044390000, 0x0000000044390000)
  eden space 44416K, 25% used [0x0000000040390000,0x0000000040e8e818,0x0000000042ef0000)
  from space 7488K, 99% used [0x0000000042ef0000,0x0000000043635cf0,0x0000000043640000)
  to   space 10816K, 0% used [0x0000000043900000,0x0000000043900000,0x0000000044390000)
 PSOldGen        total 73920K, used 48071K [0x0000000034390000, 0x0000000038bc0000, 0x0000000040390000)
  object space 73920K, 65% used [0x0000000034390000,0x0000000037281f90,0x0000000038bc0000)
 PSPermGen       total 103552K, used 60112K [0x000000002c390000, 0x00000000328b0000, 0x0000000034390000)
  object space 103552K, 58% used [0x000000002c390000,0x000000002fe441f8,0x00000000328b0000)

Dynamic libraries:
0x000000013f2e0000 - 0x000000013f312000 	C:\Program Files\MATLAB\R2012a\bin\win64\MATLAB.exe
0x0000000077060000 - 0x0000000077209000 	C:\Windows\SYSTEM32\ntdll.dll
0x0000000076f40000 - 0x000000007705f000 	C:\Windows\system32\kernel32.dll
0x000007fefd170000 - 0x000007fefd1dc000 	C:\Windows\system32\KERNELBASE.dll
0x0000000074460000 - 0x0000000074554000 	C:\Program Files\MATLAB\R2012a\bin\win64\libut.dll
0x00000000758a0000 - 0x0000000075952000 	C:\Program Files\MATLAB\R2012a\bin\win64\libmwi18n.dll
0x0000000180000000 - 0x000000018000b000 	C:\Program Files\MATLAB\R2012a\bin\win64\libmwresource_core.dll
0x000000006ee90000 - 0x000000006ef63000 	C:\Windows\WinSxS\amd64_microsoft.vc90.crt_1fc8b3b9a1e18e3b_9.0.30729.6161_none_08e61857a83bc251\MSVCP90.dll
0x000000006f640000 - 0x000000006f6e3000 	C:\Windows\WinSxS\amd64_microsoft.vc90.crt_1fc8b3b9a1e18e3b_9.0.30729.6161_none_08e61857a83bc251\MSVCR90.dll
0x000000007a170000 - 0x000000007a19c000 	C:\Program Files\MATLAB\R2012a\bin\win64\boost_filesystem-vc90-mt-1_44.dll
0x000000007a560000 - 0x000000007a569000 	C:\Program Files\MATLAB\R2012a\bin\win64\boost_system-vc90-mt-1_44.dll
0x000007fefd4b0000 - 0x000007fefd58b000 	C:\Windows\system32\ADVAPI32.dll
0x000007fefd8d0000 - 0x000007fefd96f000 	C:\Windows\system32\msvcrt.dll
0x000007fefd8b0000 - 0x000007fefd8cf000 	C:\Windows\SYSTEM32\sechost.dll
0x000007fefdfc0000 - 0x000007fefe0ed000 	C:\Windows\system32\RPCRT4.dll
0x000000007a010000 - 0x000000007a035000 	C:\Program Files\MATLAB\R2012a\bin\win64\LIBEXPAT.dll
0x000000006c0a0000 - 0x000000006c291000 	C:\Program Files\MATLAB\R2012a\bin\win64\icuin44.dll
0x0000000070100000 - 0x0000000070271000 	C:\Program Files\MATLAB\R2012a\bin\win64\icuuc44.dll
0x0000000010000000 - 0x0000000010e41000 	C:\Program Files\MATLAB\R2012a\bin\win64\icudt44.dll
0x0000000073f70000 - 0x00000000740ad000 	C:\Program Files\MATLAB\R2012a\bin\win64\libmwfl.dll
0x0000000004400000 - 0x00000000046f6000 	C:\Program Files\MATLAB\R2012a\bin\win64\libmwMATLAB_res.dll
0x000000007a3b0000 - 0x000000007a3c0000 	C:\Program Files\MATLAB\R2012a\bin\win64\boost_date_time-vc90-mt-1_44.dll
0x000000007a250000 - 0x000000007a263000 	C:\Program Files\MATLAB\R2012a\bin\win64\boost_signals-vc90-mt-1_44.dll
0x000000007a2d0000 - 0x000000007a2e2000 	C:\Program Files\MATLAB\R2012a\bin\win64\boost_thread-vc90-mt-1_44.dll
0x0000000004190000 - 0x00000000041d6000 	C:\Program Files\MATLAB\R2012a\bin\win64\tbb.dll
0x000007fefd890000 - 0x000007fefd8a9000 	C:\Windows\system32\imagehlp.dll
0x0000000077230000 - 0x0000000077237000 	C:\Windows\system32\PSAPI.DLL
0x0000000073b60000 - 0x0000000073b73000 	C:\Program Files\MATLAB\R2012a\bin\win64\icuio44.dll
0x000007fef0470000 - 0x000007fef0595000 	C:\Windows\system32\dbghelp.dll
0x0000000076e40000 - 0x0000000076f3a000 	C:\Windows\system32\USER32.dll
0x000007fefd820000 - 0x000007fefd887000 	C:\Windows\system32\GDI32.dll
0x000007fefe1d0000 - 0x000007fefe1de000 	C:\Windows\system32\LPK.dll
0x000007fefddf0000 - 0x000007fefdeb9000 	C:\Windows\system32\USP10.dll
0x000000007bed0000 - 0x000000007c183000 	C:\Program Files\MATLAB\R2012a\bin\win64\libmwservices.dll
0x0000000075a20000 - 0x0000000075ae2000 	C:\Program Files\MATLAB\R2012a\bin\win64\libmx.dll
0x000000007a210000 - 0x000000007a228000 	C:\Program Files\MATLAB\R2012a\bin\win64\zlib1.dll
0x0000000004230000 - 0x0000000004251000 	C:\Program Files\MATLAB\R2012a\bin\win64\libmwmfl_scalar.dll
0x0000000075f10000 - 0x0000000075f5d000 	C:\Program Files\MATLAB\R2012a\bin\win64\mpath.dll
0x000000007b680000 - 0x000000007bbe1000 	C:\Program Files\MATLAB\R2012a\bin\win64\mlutil.dll
0x0000000073ae0000 - 0x0000000073b5f000 	C:\Program Files\MATLAB\R2012a\bin\win64\xmlcore.dll
0x000000007bc30000 - 0x000000007be83000 	C:\Program Files\MATLAB\R2012a\bin\win64\xerces-c_2_7.dll
0x000007fefd590000 - 0x000007fefd5dd000 	C:\Windows\system32\WS2_32.dll
0x000007feff220000 - 0x000007feff228000 	C:\Windows\system32\NSI.dll
0x00000000042b0000 - 0x00000000042ca000 	C:\Program Files\MATLAB\R2012a\bin\win64\libmwMATLAB_settings_res.dll
0x0000000004700000 - 0x0000000004747000 	C:\Program Files\MATLAB\R2012a\bin\win64\boost_serialization-vc90-mt-1_44.dll
0x000007fefe1e0000 - 0x000007fefef68000 	C:\Windows\system32\SHELL32.dll
0x000007fefdf40000 - 0x000007fefdfb1000 	C:\Windows\system32\SHLWAPI.dll
0x000007fef86c0000 - 0x000007fef8760000 	C:\Windows\WinSxS\amd64_microsoft.windows.common-controls_6595b64144ccf1df_5.82.7601.18201_none_a4d3b9377117c3df\COMCTL32.dll
0x000007fefef70000 - 0x000007feff007000 	C:\Windows\system32\COMDLG32.dll
0x000007fefad20000 - 0x000007fefad36000 	C:\Windows\system32\NETAPI32.dll
0x000007fefad10000 - 0x000007fefad1c000 	C:\Windows\system32\netutils.dll
0x000007fefc950000 - 0x000007fefc973000 	C:\Windows\system32\srvcli.dll
0x000007fefacf0000 - 0x000007fefad05000 	C:\Windows\system32\wkscli.dll
0x000007feff010000 - 0x000007feff213000 	C:\Windows\system32\ole32.dll
0x000007fefe0f0000 - 0x000007fefe1c7000 	C:\Windows\system32\OLEAUT32.dll
0x0000000074970000 - 0x0000000074b06000 	C:\Program Files\MATLAB\R2012a\bin\win64\mcr.dll
0x0000000075000000 - 0x000000007536b000 	C:\Program Files\MATLAB\R2012a\bin\win64\iqm.dll
0x000000006b870000 - 0x000000006c091000 	C:\Program Files\MATLAB\R2012a\bin\win64\m_interpreter.dll
0x0000000073ee0000 - 0x0000000073f05000 	C:\Program Files\MATLAB\R2012a\bin\win64\libmex.dll
0x0000000072b10000 - 0x0000000072bc3000 	C:\Program Files\MATLAB\R2012a\bin\win64\m_dispatcher.dll
0x0000000074880000 - 0x000000007496d000 	C:\Program Files\MATLAB\R2012a\bin\win64\boost_regex-vc90-mt-1_44.dll
0x00000000739c0000 - 0x0000000073a44000 	C:\Program Files\MATLAB\R2012a\bin\win64\profiler.dll
0x00000000047b0000 - 0x0000000004a05000 	C:\Program Files\MATLAB\R2012a\bin\win64\libmwmathutil.dll
0x0000000079f40000 - 0x0000000079f6d000 	C:\Program Files\MATLAB\R2012a\bin\win64\libmwmathrng.dll
0x0000000074c10000 - 0x0000000074ced000 	C:\Program Files\MATLAB\R2012a\bin\win64\libmwmathcore.dll
0x0000000076160000 - 0x00000000761cb000 	C:\Program Files\MATLAB\R2012a\bin\win64\libmwspmatrix.dll
0x0000000075ea0000 - 0x0000000075f02000 	C:\Program Files\MATLAB\R2012a\bin\win64\libmwcholmod.dll
0x000000007a460000 - 0x000000007a46d000 	C:\Program Files\MATLAB\R2012a\bin\win64\libmwamd.dll
0x000000007a4b0000 - 0x000000007a4bc000 	C:\Program Files\MATLAB\R2012a\bin\win64\libmwcolamd.dll
0x00000000739a0000 - 0x00000000739b9000 	C:\Program Files\MATLAB\R2012a\bin\win64\libmwblas.dll
0x0000000073980000 - 0x0000000073992000 	C:\Program Files\MATLAB\R2012a\bin\win64\libmwbinder.dll
0x0000000073ad0000 - 0x0000000073adb000 	C:\Program Files\MATLAB\R2012a\bin\win64\libmwompwrapper.dll
0x0000000073160000 - 0x00000000731e6000 	C:\Program Files\MATLAB\R2012a\bin\win64\libmwlapack.dll
0x0000000072ae0000 - 0x0000000072b01000 	C:\Program Files\MATLAB\R2012a\bin\win64\m_pcodeio.dll
0x0000000079b10000 - 0x0000000079b77000 	C:\Program Files\MATLAB\R2012a\bin\win64\m_ir.dll
0x000000006b220000 - 0x000000006b870000 	C:\Program Files\MATLAB\R2012a\bin\win64\m_parser.dll
0x0000000073960000 - 0x000000007397a000 	C:\Program Files\MATLAB\R2012a\bin\win64\ir_xfmr.dll
0x000000006f2c0000 - 0x000000006f539000 	C:\Program Files\MATLAB\R2012a\bin\win64\mcos.dll
0x0000000073140000 - 0x000000007314c000 	C:\Program Files\MATLAB\R2012a\bin\win64\mtok.dll
0x0000000072aa0000 - 0x0000000072ad1000 	C:\Program Files\MATLAB\R2012a\bin\win64\m_pcodegen.dll
0x0000000079fb0000 - 0x0000000079fe7000 	C:\Program Files\MATLAB\R2012a\bin\win64\libmwbridge.dll
0x000000006f1f0000 - 0x000000006f2b8000 	C:\Program Files\MATLAB\R2012a\bin\win64\udd.dll
0x000000006ec80000 - 0x000000006edd2000 	C:\Program Files\MATLAB\R2012a\bin\win64\libmwgui.dll
0x0000000073030000 - 0x0000000073047000 	C:\Program Files\MATLAB\R2012a\bin\win64\graphics_util.dll
0x000000006a870000 - 0x000000006b213000 	C:\Program Files\MATLAB\R2012a\bin\win64\hg.dll
0x0000000004b80000 - 0x0000000004be7000 	C:\Program Files\MATLAB\R2012a\bin\win64\libmat.dll
0x0000000072d30000 - 0x0000000072f44000 	C:\Program Files\MATLAB\R2012a\bin\win64\hdf5dll.dll
0x0000000075710000 - 0x00000000757c1000 	C:\Program Files\MATLAB\R2012a\bin\win64\jmi.dll
0x0000000004c20000 - 0x0000000004c2e000 	C:\Program Files\MATLAB\R2012a\bin\win64\nativejava_services.dll
0x0000000072a50000 - 0x0000000072a92000 	C:\Program Files\MATLAB\R2012a\bin\win64\libmwhardcopy.dll
0x000000006ec20000 - 0x000000006ec7a000 	C:\Program Files\MATLAB\R2012a\bin\win64\libuij.dll
0x000000006a660000 - 0x000000006a86c000 	C:\Program Files\MATLAB\R2012a\bin\win64\hgdatatypes.dll
0x000000006a560000 - 0x000000006a65d000 	C:\Program Files\MATLAB\R2012a\bin\win64\hgutils.dll
0x000000006a4a0000 - 0x000000006a55d000 	C:\Program Files\MATLAB\R2012a\bin\win64\udd_mi.dll
0x0000000004c90000 - 0x0000000004ccb000 	C:\Program Files\MATLAB\R2012a\bin\win64\libmwgbtutils.dll
0x0000000004ce0000 - 0x0000000004cf9000 	C:\Program Files\MATLAB\R2012a\bin\win64\libmwgbt.dll
0x0000000004d10000 - 0x0000000004fda000 	C:\Program Files\MATLAB\R2012a\bin\win64\uiw.dll
0x0000000073080000 - 0x000000007308f000 	C:\Program Files\MATLAB\R2012a\bin\win64\uinone.dll
0x000007fef60a0000 - 0x000007fef60b8000 	C:\Windows\system32\MPR.dll
0x00000000602b0000 - 0x0000000060794000 	C:\Windows\WinSxS\amd64_microsoft.vc90.mfc_1fc8b3b9a1e18e3b_9.0.30729.6161_none_044aad0bab1eb146\mfc90.dll
0x000007fefa9e0000 - 0x000007fefa9e7000 	C:\Windows\system32\MSIMG32.dll
0x000007fefaef0000 - 0x000007fefaf61000 	C:\Windows\system32\WINSPOOL.DRV
0x0000000073060000 - 0x0000000073080000 	C:\Program Files\MATLAB\R2012a\bin\win64\mwoles05.DLL
0x000000006eaa0000 - 0x000000006eb1c000 	C:\Program Files\MATLAB\R2012a\bin\win64\comcli.dll
0x0000000063d10000 - 0x0000000063d3f000 	C:\Windows\WinSxS\amd64_microsoft.vc90.atl_1fc8b3b9a1e18e3b_9.0.30729.6161_none_0a1fd3a3a768b895\ATL90.DLL
0x0000000073130000 - 0x000000007313c000 	C:\Program Files\MATLAB\R2012a\bin\win64\mlautoregister.dll
0x0000000005030000 - 0x0000000005040000 	C:\Program Files\MATLAB\R2012a\bin\win64\boost_iostreams-vc90-mt-1_44.dll
0x000007feff340000 - 0x000007feff36e000 	C:\Windows\system32\IMM32.DLL
0x000007feff230000 - 0x000007feff339000 	C:\Windows\system32\MSCTF.dll
0x000007fefb580000 - 0x000007fefb5d6000 	C:\Windows\system32\UxTheme.dll
0x000007fefb150000 - 0x000007fefb168000 	C:\Windows\system32\dwmapi.dll
0x0000000063cb0000 - 0x0000000063cbf000 	C:\Windows\WinSxS\amd64_microsoft.vc90.mfcloc_1fc8b3b9a1e18e3b_9.0.30729.6161_none_01c9581e60cbee58\MFC90ITA.DLL
0x0000000005190000 - 0x00000000051b9000 	C:\Program Files\MATLAB\R2012a\bin\win64\tbbmalloc.dll
0x0000000078870000 - 0x0000000078ecd000 	C:\Program Files\MATLAB\R2012a\sys\java\jre\win64\jre\bin\server\jvm.dll
0x000007fef9820000 - 0x000007fef985b000 	C:\Windows\system32\WINMM.dll
0x000007fefce80000 - 0x000007fefce8f000 	C:\Windows\system32\profapi.dll
0x000007fef93c0000 - 0x000007fef93e7000 	C:\Windows\system32\iphlpapi.dll
0x000007fef93b0000 - 0x000007fef93bb000 	C:\Windows\system32\WINNSI.DLL
0x000007fefc4c0000 - 0x000007fefc51b000 	C:\Windows\system32\DNSAPI.dll
0x000007fef90f0000 - 0x000007fef9101000 	C:\Windows\system32\dhcpcsvc6.DLL
0x000007fef9230000 - 0x000007fef9248000 	C:\Windows\system32\dhcpcsvc.DLL
0x000000006f800000 - 0x000000006f803000 	C:\Windows\system32\icmp.Dll
0x000007fefcd10000 - 0x000007fefcd1f000 	C:\Windows\system32\CRYPTBASE.dll
0x000007fefd010000 - 0x000007fefd046000 	C:\Windows\system32\CFGMGR32.dll
0x0000000007c90000 - 0x0000000007cf5000 	C:\Program Files\WIDCOMM\Bluetooth Software\btmmhook.dll
0x000000007a440000 - 0x000000007a44e000 	C:\Program Files\MATLAB\R2012a\sys\java\jre\win64\jre\bin\verify.dll
0x000000007a070000 - 0x000000007a097000 	C:\Program Files\MATLAB\R2012a\sys\java\jre\win64\jre\bin\java.dll
0x000000007a540000 - 0x000000007a54a000 	C:\Program Files\MATLAB\R2012a\sys\java\jre\win64\jre\bin\hpi.dll

VM Arguments:
jvm_args: -Xss512k -XX:PermSize=32m -Xms64m -XX:NewRatio=3 -XX:MaxPermSize=128m -Xmx256m -XX:MaxDirectMemorySize=2147400000 -Dsun.java2d.noddraw=true -Dsun.awt.nopixfmt=true -Xshare:off -Xrs -Dsun.awt.disableMixing=true -Djava.library.path=C:\Program Files\MATLAB\R2012a\bin\win64;C:\Xilinx\14.4\ISE_DS\ISE\sysgen\bin;C:\Xilinx\14.4\ISE_DS\ISE\sysgen\bin\nt64 vfprintf abort 
java_command: <unknown>
Launcher Type: generic

Environment Variables:
PATH=C:\Perl64\site\bin;C:\Perl64\bin;C:\Program Files (x86)\NVIDIA Corporation\PhysX\Common;C:\Program Files (x86)\PC Connectivity Solution\;1ILINX\bin\nt64;0ILINX\lib\nt64;C:\Xilinx\10.1\ISE\smartmodel\nt\installed_nt\lib\pcnt.lib;C:\Program Files\Common Files\Microsoft Shared\Windows Live;C:\Program Files (x86)\Common Files\Microsoft Shared\Windows Live;C:\Windows\system32;C:\Windows;C:\Windows\System32\Wbem;C:\Windows\System32\WindowsPowerShell\v1.0\;C:\Program Files\WIDCOMM\Bluetooth Software\;C:\Program Files\WIDCOMM\Bluetooth Software\syswow64;C:\Program Files\Intel\WiFi\bin\;C:\Program Files\Common Files\Intel\WirelessCommon\;C:\Program Files (x86)\Sony\VAIO Startup Setting Tool;C:\Program Files (x86)\WinMerge;C:\Program Files (x86)\Windows Live\Shared;C:\Program Files (x86)\Microsoft SQL Server\100\Tools\Binn\;C:\Program Files\Microsoft SQL Server\100\Tools\Binn\;C:\Program Files\Microsoft SQL Server\100\DTS\Binn\;C:\Program Files (x86)\Microsoft SQL Server\100\Tools\Binn\VSShell\Common7\IDE\;C:\Program Files (x86)\Microsoft Visual Studio 9.0\Common7\IDE\PrivateAssemblies\;C:\Program Files (x86)\Microsoft SQL Server\100\DTS\Binn\;C:\Program Files\Microsoft SQL Server\110\Tools\Binn\;C:\Program Files\TortoiseSVN\bin;C:\Program Files\MATLAB\R2013a\runtime\win64;C:\Program Files\MATLAB\R2013a\bin;C:\Xilinx\14.4\ISE_DS\ISE\bin\nt64C:\Xilinx\14.4\ISE_DS\ISE\lib\nt64;C:\Program Files\MATLAB\R2012a\runtime\win64;C:\Program Files\MATLAB\R2012a\bin;C:\modeltech_6.6b\win32;C:\modelsim_dlx_10.0a\win32pe;C:\modeltech64_10.0a\win64;C:\questa_sim64_10.0a\win64;C:\MentorGraphics\Questa\10.2b\win64;C:\MentorGraphics\ModelsimSE_6.6b\win32
USERNAME=Leonardo
OS=Windows_NT
PROCESSOR_IDENTIFIER=Intel64 Family 6 Model 37 Stepping 5, GenuineIntel



---------------  S Y S T E M  ---------------

OS: Windows 7 Build 7601 Service Pack 1

CPU:total 4 (8 cores per cpu, 2 threads per core) family 6 model 37 stepping 5, cmov, cx8, fxsr, mmx, sse, sse2, sse3, ssse3, sse4.1, sse4.2, ht

Memory: 4k page, physical 6271960k(3769340k free), swap 12542056k(9758964k free)

vm_info: Java HotSpot(TM) 64-Bit Server VM (14.3-b01) for windows-amd64 JRE (1.6.0_17-b04), built on Oct 11 2009 00:46:08 by "java_re" with MS VC++ 8.0

time: Tue Sep 09 05:17:40 2014
elapsed time: 40 seconds

